2025-03-12 05:44:58,254 - INFO - Starting GEE catalog extraction
2025-03-12 05:44:58,255 - INFO - Attempting to fetch catalog directly...
2025-03-12 05:44:58,255 - INFO - Trying URL: https://earthengine-stac.storage.googleapis.com/catalog/catalog.json
2025-03-12 05:44:58,423 - INFO - Successfully connected to https://earthengine-stac.storage.googleapis.com/catalog/catalog.json
2025-03-12 05:45:05,953 - INFO - Found 934 unique assets to process
2025-03-12 05:45:05,954 - INFO - Processing assets...
2025-03-12 05:45:06,114 - INFO - Skipping deprecated asset: ACA/reef_habitat/v1_0
2025-03-12 05:45:06,159 - INFO - Skipping deprecated asset: CIESIN/GPWv4/ancillary-data-grids
2025-03-12 05:45:06,185 - INFO - Skipping deprecated asset: CIESIN/GPWv4/unwpp-adjusted-population-count
2025-03-12 05:45:06,190 - INFO - Skipping deprecated asset: CAS/IGSNRR/PML/V2_v017
2025-03-12 05:45:06,224 - INFO - Skipping deprecated asset: CIESIN/GPWv4/population-density
2025-03-12 05:45:06,230 - INFO - Skipping deprecated asset: CAS/IGSNRR/PML/V2
2025-03-12 05:45:06,250 - INFO - Skipping deprecated asset: CIESIN/GPWv4/population-count
2025-03-12 05:45:06,253 - INFO - Skipping deprecated asset: CIESIN/GPWv4/unwpp-adjusted-population-density
2025-03-12 05:45:06,363 - INFO - Skipping deprecated asset: COPERNICUS/S2
2025-03-12 05:45:06,364 - INFO - Skipping deprecated asset: COPERNICUS/Landcover/100m/Proba-V/Global
2025-03-12 05:45:06,367 - INFO - Skipping deprecated asset: COPERNICUS/CORINE/V18_5_1/100m
2025-03-12 05:45:06,430 - INFO - Skipping deprecated asset: COPERNICUS/S2_SR
2025-03-12 05:45:06,601 - INFO - Skipping deprecated asset: CSIC/SPEI/2_8
2025-03-12 05:45:06,605 - INFO - Skipping deprecated asset: CSIC/SPEI/2_9
2025-03-12 05:45:06,849 - INFO - Skipping deprecated asset: ECMWF/ERA5_LAND/MONTHLY
2025-03-12 05:45:06,874 - INFO - Skipping deprecated asset: EDF/MethaneSAT/MethaneAIR/methaneair-L4point-2021
2025-03-12 05:45:06,923 - INFO - Skipping deprecated asset: EDF/MethaneSAT/MethaneAIR/methaneair-L4area-2021
2025-03-12 05:45:06,925 - INFO - Skipping deprecated asset: EDF/OGIM/OGIM_v2-4_RF06_RF08
2025-03-12 05:45:07,162 - INFO - Skipping deprecated asset: FORMA/FORMA_500m
2025-03-12 05:45:07,219 - INFO - Skipping deprecated asset: GLIMS/20210914
2025-03-12 05:45:07,250 - INFO - Skipping deprecated asset: GLIMS/2016
2025-03-12 05:45:07,256 - INFO - Skipping deprecated asset: GLIMS/20171027
2025-03-12 05:45:07,257 - INFO - Skipping deprecated asset: GLCF/GLS_TCC
2025-03-12 05:45:07,266 - INFO - Skipping deprecated asset: GLIMS/current
2025-03-12 05:45:07,319 - INFO - Skipping deprecated asset: GOOGLE/Research/open-buildings/v1/polygons
2025-03-12 05:45:07,383 - INFO - Skipping deprecated asset: GOOGLE/Research/open-buildings/v2/polygons
2025-03-12 05:45:07,403 - INFO - Skipping deprecated asset: HYCOM/GLBu0_08/sea_temp_salinity
2025-03-12 05:45:07,411 - INFO - Skipping deprecated asset: HYCOM/GLBu0_08/sea_surface_elevation
2025-03-12 05:45:07,413 - INFO - Skipping deprecated asset: HYCOM/GLBu0_08/sea_water_velocity
2025-03-12 05:45:07,477 - INFO - Skipping deprecated asset: IDAHO_EPSCOR/PDSI
2025-03-12 05:45:07,670 - INFO - Skipping deprecated asset: JAXA/ALOS/AW3D30/V1_1
2025-03-12 05:45:07,684 - INFO - Skipping deprecated asset: JAXA/ALOS/AW3D30/V2_1
2025-03-12 05:45:07,713 - INFO - Skipping deprecated asset: JAXA/ALOS/AW3D30/V2_2
2025-03-12 05:45:07,870 - INFO - Skipping deprecated asset: JRC/GHSL/P2016/BUILT_LDSMT_GLOBE_V1
2025-03-12 05:45:07,881 - INFO - Skipping deprecated asset: JRC/GHSL/P2016/SMOD_POP_GLOBE_V1
2025-03-12 05:45:07,914 - INFO - Skipping deprecated asset: JRC/GFC2020/V1
2025-03-12 05:45:07,922 - INFO - Skipping deprecated asset: JRC/GHSL/P2016/POP_GPW_GLOBE_V1
2025-03-12 05:45:07,944 - INFO - Skipping deprecated asset: JRC/GSW1_0/GlobalSurfaceWater
2025-03-12 05:45:07,948 - INFO - Skipping deprecated asset: JRC/GSW1_0/Metadata
2025-03-12 05:45:07,966 - INFO - Skipping deprecated asset: JRC/GSW1_0/MonthlyRecurrence
2025-03-12 05:45:07,969 - INFO - Skipping deprecated asset: JRC/GSW1_0/YearlyHistory
2025-03-12 05:45:07,972 - INFO - Skipping deprecated asset: JRC/GHSL/P2023A/GHS_SMOD
2025-03-12 05:45:07,983 - INFO - Skipping deprecated asset: JRC/GSW1_1/Metadata
2025-03-12 05:45:08,029 - INFO - Skipping deprecated asset: JRC/GSW1_0/MonthlyHistory
2025-03-12 05:45:08,033 - INFO - Skipping deprecated asset: JRC/GSW1_1/YearlyHistory
2025-03-12 05:45:08,040 - INFO - Skipping deprecated asset: JRC/GSW1_1/GlobalSurfaceWater
2025-03-12 05:45:08,042 - INFO - Skipping deprecated asset: JRC/GSW1_2/Metadata
2025-03-12 05:45:08,042 - INFO - Skipping deprecated asset: JRC/GSW1_1/MonthlyHistory
2025-03-12 05:45:08,051 - INFO - Skipping deprecated asset: JRC/GSW1_1/MonthlyRecurrence
2025-03-12 05:45:08,054 - INFO - Skipping deprecated asset: JRC/GSW1_2/MonthlyHistory
2025-03-12 05:45:08,070 - INFO - Skipping deprecated asset: JRC/GSW1_2/YearlyHistory
2025-03-12 05:45:08,090 - INFO - Skipping deprecated asset: JRC/GSW1_2/GlobalSurfaceWater
2025-03-12 05:45:08,100 - INFO - Skipping deprecated asset: JRC/GSW1_3/Metadata
2025-03-12 05:45:08,122 - INFO - Skipping deprecated asset: JRC/GSW1_3/GlobalSurfaceWater
2025-03-12 05:45:08,133 - INFO - Skipping deprecated asset: JRC/GSW1_3/MonthlyRecurrence
2025-03-12 05:45:08,136 - INFO - Skipping deprecated asset: JRC/GSW1_3/YearlyHistory
2025-03-12 05:45:08,150 - INFO - Skipping deprecated asset: JRC/GSW1_3/MonthlyHistory
2025-03-12 05:45:08,162 - INFO - Skipping deprecated asset: JRC/GSW1_2/MonthlyRecurrence
2025-03-12 05:45:09,042 - INFO - Skipping deprecated asset: MODIS/006/MCD12Q1
2025-03-12 05:45:09,065 - INFO - Skipping deprecated asset: MODIS/006/MCD15A3H
2025-03-12 05:45:09,105 - INFO - Skipping deprecated asset: MODIS/006/MCD12Q2
2025-03-12 05:45:09,134 - INFO - Skipping deprecated asset: MODIS/006/MCD43A1
2025-03-12 05:45:09,135 - INFO - Skipping deprecated asset: MODIS/006/MCD19A2_GRANULES
2025-03-12 05:45:09,140 - INFO - Skipping deprecated asset: MODIS/006/MCD43A4
2025-03-12 05:45:09,150 - INFO - Skipping deprecated asset: MODIS/006/MCD43A3
2025-03-12 05:45:09,151 - INFO - Skipping deprecated asset: MODIS/006/MCD43A2
2025-03-12 05:45:09,163 - INFO - Skipping deprecated asset: MODIS/006/MCD43C3
2025-03-12 05:45:09,165 - INFO - Skipping deprecated asset: MODIS/006/MOD10A1
2025-03-12 05:45:09,177 - INFO - Skipping deprecated asset: MODIS/006/MOD09A1
2025-03-12 05:45:09,177 - INFO - Skipping deprecated asset: MODIS/006/MCD64A1
2025-03-12 05:45:09,189 - INFO - Skipping deprecated asset: MODIS/006/MOD13A2
2025-03-12 05:45:09,191 - INFO - Skipping deprecated asset: MODIS/006/MOD08_M3
2025-03-12 05:45:09,200 - INFO - Skipping deprecated asset: MODIS/006/MOD09GA
2025-03-12 05:45:09,217 - INFO - Skipping deprecated asset: MODIS/006/MOD09GQ
2025-03-12 05:45:09,218 - INFO - Skipping deprecated asset: MODIS/006/MOD11A1
2025-03-12 05:45:09,219 - INFO - Skipping deprecated asset: MODIS/006/MOD15A2H
2025-03-12 05:45:09,222 - INFO - Skipping deprecated asset: MODIS/006/MOD11A2
2025-03-12 05:45:09,236 - INFO - Skipping deprecated asset: MODIS/006/MOD09Q1
2025-03-12 05:45:09,242 - INFO - Skipping deprecated asset: MODIS/006/MOD17A3H
2025-03-12 05:45:09,248 - INFO - Skipping deprecated asset: MODIS/006/MOD13A1
2025-03-12 05:45:09,255 - INFO - Skipping deprecated asset: MODIS/006/MOD13Q1
2025-03-12 05:45:09,255 - INFO - Skipping deprecated asset: MODIS/006/MOD14A2
2025-03-12 05:45:09,272 - INFO - Skipping deprecated asset: MODIS/006/MOD16A2
2025-03-12 05:45:09,282 - INFO - Skipping deprecated asset: MODIS/006/MOD17A2H
2025-03-12 05:45:09,289 - INFO - Skipping deprecated asset: MODIS/006/MOD17A3HGF
2025-03-12 05:45:09,308 - INFO - Skipping deprecated asset: MODIS/006/MOD14A1
2025-03-12 05:45:09,313 - INFO - Skipping deprecated asset: MODIS/006/MYD08_M3
2025-03-12 05:45:09,326 - INFO - Skipping deprecated asset: MODIS/006/MYD09GA
2025-03-12 05:45:09,336 - INFO - Skipping deprecated asset: MODIS/006/MOD44B
2025-03-12 05:45:09,339 - INFO - Skipping deprecated asset: MODIS/006/MYD09GQ
2025-03-12 05:45:09,343 - INFO - Skipping deprecated asset: MODIS/006/MYD09Q1
2025-03-12 05:45:09,344 - INFO - Skipping deprecated asset: MODIS/006/MYD09A1
2025-03-12 05:45:09,354 - INFO - Skipping deprecated asset: MODIS/006/MYD13Q1
2025-03-12 05:45:09,360 - INFO - Skipping deprecated asset: MODIS/006/MYD11A1
2025-03-12 05:45:09,368 - INFO - Skipping deprecated asset: MODIS/006/MYD17A2H
2025-03-12 05:45:09,387 - INFO - Skipping deprecated asset: MODIS/006/MYD11A2
2025-03-12 05:45:09,390 - INFO - Skipping deprecated asset: MODIS/006/MYD13A1
2025-03-12 05:45:09,393 - INFO - Skipping deprecated asset: MODIS/006/MYD10A1
2025-03-12 05:45:09,396 - INFO - Skipping deprecated asset: MODIS/006/MYD13A2
2025-03-12 05:45:09,399 - INFO - Skipping deprecated asset: MODIS/006/MYD14A1
2025-03-12 05:45:09,405 - INFO - Skipping deprecated asset: MODIS/006/MYD14A2
2025-03-12 05:45:09,429 - INFO - Skipping deprecated asset: MODIS/006/MYD15A2H
2025-03-12 05:45:09,443 - INFO - Skipping deprecated asset: MODIS/006/MYD17A3HGF
2025-03-12 05:45:09,444 - INFO - Skipping deprecated asset: MODIS/006/MYD17A3H
2025-03-12 05:45:09,445 - INFO - Skipping deprecated asset: MODIS/061/MCD18C2
2025-03-12 05:45:09,453 - INFO - Skipping deprecated asset: MODIS/055/MOD17A3
2025-03-12 05:45:09,489 - INFO - Skipping deprecated asset: MODIS/061/MCD18A1
2025-03-12 05:45:10,004 - INFO - Skipping deprecated asset: MODIS/MCD43A2
2025-03-12 05:45:10,011 - INFO - Skipping deprecated asset: MODIS/MCD43A1
2025-03-12 05:45:10,017 - INFO - Skipping deprecated asset: MODIS/MCD43A4
2025-03-12 05:45:10,021 - INFO - Skipping deprecated asset: MODIS/MCD43A4_NDVI
2025-03-12 05:45:10,029 - INFO - Skipping deprecated asset: MODIS/MCD43A4_NDWI
2025-03-12 05:45:10,037 - INFO - Skipping deprecated asset: MODIS/MCD43A4_BAI
2025-03-12 05:45:10,052 - INFO - Skipping deprecated asset: MODIS/MCD43A4_EVI
2025-03-12 05:45:10,083 - INFO - Skipping deprecated asset: MODIS/MCD43A4_NDSI
2025-03-12 05:45:10,094 - INFO - Skipping deprecated asset: MODIS/MOD09GA_NDVI
2025-03-12 05:45:10,118 - INFO - Skipping deprecated asset: MODIS/MOD09GA
2025-03-12 05:45:10,140 - INFO - Skipping deprecated asset: MODIS/MOD09A1
2025-03-12 05:45:10,153 - INFO - Skipping deprecated asset: MODIS/MOD09GA_NDWI
2025-03-12 05:45:10,158 - INFO - Skipping deprecated asset: MODIS/MOD09GQ
2025-03-12 05:45:10,159 - INFO - Skipping deprecated asset: MODIS/MOD09GA_NDSI
2025-03-12 05:45:10,165 - INFO - Skipping deprecated asset: MODIS/MOD13A1
2025-03-12 05:45:10,167 - INFO - Skipping deprecated asset: MODIS/MOD09GA_EVI
2025-03-12 05:45:10,174 - INFO - Skipping deprecated asset: MODIS/MOD10A1
2025-03-12 05:45:10,184 - INFO - Skipping deprecated asset: MODIS/MOD09GA_BAI
2025-03-12 05:45:10,190 - INFO - Skipping deprecated asset: MODIS/MOD09Q1
2025-03-12 05:45:10,213 - INFO - Skipping deprecated asset: MODIS/MOD13Q1
2025-03-12 05:45:10,216 - INFO - Skipping deprecated asset: MODIS/MOD11A2
2025-03-12 05:45:10,237 - INFO - Skipping deprecated asset: MODIS/MOD11A1
2025-03-12 05:45:10,246 - INFO - Skipping deprecated asset: MODIS/MYD09GA
2025-03-12 05:45:10,247 - INFO - Skipping deprecated asset: MODIS/MYD09A1
2025-03-12 05:45:10,283 - INFO - Skipping deprecated asset: MODIS/MYD09GA_EVI
2025-03-12 05:45:10,286 - INFO - Skipping deprecated asset: MODIS/MYD09GA_BAI
2025-03-12 05:45:10,293 - INFO - Skipping deprecated asset: MODIS/MYD09GA_NDSI
2025-03-12 05:45:10,308 - INFO - Skipping deprecated asset: MODIS/MYD09GA_NDWI
2025-03-12 05:45:10,310 - INFO - Skipping deprecated asset: MODIS/MYD09GA_NDVI
2025-03-12 05:45:10,317 - INFO - Skipping deprecated asset: MODIS/MYD10A1
2025-03-12 05:45:10,328 - INFO - Skipping deprecated asset: MODIS/MYD11A1
2025-03-12 05:45:10,355 - INFO - Skipping deprecated asset: MODIS/MYD09Q1
2025-03-12 05:45:10,357 - INFO - Skipping deprecated asset: MODIS/MYD09GQ
2025-03-12 05:45:10,363 - INFO - Skipping deprecated asset: MODIS/MYD13A1
2025-03-12 05:45:10,401 - INFO - Skipping deprecated asset: MODIS/MYD13Q1
2025-03-12 05:45:10,402 - INFO - Skipping deprecated asset: MODIS/MYD11A2
2025-03-12 05:45:10,525 - INFO - Skipping deprecated asset: NASA/GPM_L3/IMERG_V06
2025-03-12 05:45:10,531 - INFO - Skipping deprecated asset: NASA/GRACE/MASS_GRIDS/MASCON
2025-03-12 05:45:10,563 - INFO - Skipping deprecated asset: NASA/GRACE/MASS_GRIDS_V03/MASCON
2025-03-12 05:45:10,564 - INFO - Skipping deprecated asset: NASA/GRACE/MASS_GRIDS_V03/MASCON_CRI
2025-03-12 05:45:10,565 - INFO - Skipping deprecated asset: NASA/GRACE/MASS_GRIDS/MASCON_CRI
2025-03-12 05:45:10,565 - INFO - Skipping deprecated asset: NASA/GRACE/MASS_GRIDS/OCEAN
2025-03-12 05:45:10,567 - INFO - Skipping deprecated asset: NASA/GRACE/MASS_GRIDS/LAND
2025-03-12 05:45:10,792 - INFO - Skipping deprecated asset: NASA/ORNL/DAYMET_V3
2025-03-12 05:45:10,905 - INFO - Skipping deprecated asset: NASA_USDA/HSL/SMAP10KM_soil_moisture
2025-03-12 05:45:10,913 - INFO - Skipping deprecated asset: NASA_USDA/HSL/soil_moisture
2025-03-12 05:45:10,926 - INFO - Skipping deprecated asset: NASA_USDA/HSL/SMAP_soil_moisture
2025-03-12 05:45:10,939 - INFO - Skipping deprecated asset: NOAA/CDR/AVHRR/LAI_FAPAR/V4
2025-03-12 05:45:10,949 - INFO - Skipping deprecated asset: NOAA/CDR/AVHRR/AOT/V3
2025-03-12 05:45:10,999 - INFO - Skipping deprecated asset: NOAA/CDR/AVHRR/SR/V4
2025-03-12 05:45:11,000 - INFO - Skipping deprecated asset: NOAA/CDR/AVHRR/NDVI/V4
2025-03-12 05:45:11,074 - INFO - Skipping deprecated asset: NOAA/CDR/OISST/V2
2025-03-12 05:45:11,315 - INFO - Skipping deprecated asset: NOAA/VIIRS/001/VNP15A2H
2025-03-12 05:45:11,338 - INFO - Skipping deprecated asset: NOAA/VIIRS/001/VNP13A1
2025-03-12 05:45:11,340 - INFO - Skipping deprecated asset: NOAA/VIIRS/001/VNP09GA
2025-03-12 05:45:11,345 - INFO - Skipping deprecated asset: NOAA/VIIRS/001/VNP09H1
2025-03-12 05:45:11,363 - INFO - Skipping deprecated asset: NOAA/VIIRS/001/VNP21A1N
2025-03-12 05:45:11,371 - INFO - Skipping deprecated asset: NOAA/VIIRS/001/VNP14A1
2025-03-12 05:45:11,383 - INFO - Skipping deprecated asset: NOAA/VIIRS/001/VNP21A1D
2025-03-12 05:45:11,482 - INFO - Skipping deprecated asset: OREGONSTATE/PRISM/Norm81m
2025-03-12 05:45:11,775 - INFO - Skipping deprecated asset: Oxford/MAP/friction_surface_2015_v1_0
2025-03-12 05:45:11,816 - INFO - Skipping deprecated asset: RUB/RUBCLIM/LCZ/global_lcz_map/v1
2025-03-12 05:45:11,836 - INFO - Skipping deprecated asset: TERN/AET/CMRSET_LANDSAT_V2_1
2025-03-12 05:45:11,997 - INFO - Skipping deprecated asset: UMD/hansen/global_forest_change_2015_v1_3
2025-03-12 05:45:12,019 - INFO - Skipping deprecated asset: UMD/hansen/global_forest_change_2017_v1_5
2025-03-12 05:45:12,029 - INFO - Skipping deprecated asset: UMD/hansen/global_forest_change_2013
2025-03-12 05:45:12,036 - INFO - Skipping deprecated asset: UMD/hansen/global_forest_change_2014
2025-03-12 05:45:12,041 - INFO - Skipping deprecated asset: UMD/hansen/global_forest_change_2020_v1_8
2025-03-12 05:45:12,044 - INFO - Skipping deprecated asset: UMD/hansen/global_forest_change_2016_v1_4
2025-03-12 05:45:12,061 - INFO - Skipping deprecated asset: UMN/PGC/ArcticDEM/V2/2m
2025-03-12 05:45:12,078 - INFO - Skipping deprecated asset: UMD/hansen/global_forest_change_2015
2025-03-12 05:45:12,083 - INFO - Skipping deprecated asset: UMD/hansen/global_forest_change_2019_v1_7
2025-03-12 05:45:12,093 - INFO - Skipping deprecated asset: UMD/hansen/global_forest_change_2022_v1_10
2025-03-12 05:45:12,104 - INFO - Skipping deprecated asset: UMD/hansen/global_forest_change_2018_v1_6
2025-03-12 05:45:12,135 - INFO - Skipping deprecated asset: UMD/hansen/global_forest_change_2021_v1_9
2025-03-12 05:45:12,138 - INFO - Skipping deprecated asset: UMN/PGC/ArcticDEM/V2/5m
2025-03-12 05:45:12,155 - INFO - Skipping deprecated asset: UMT/Climate/IrrMapper_RF/v1_1
2025-03-12 05:45:12,245 - INFO - Skipping deprecated asset: USFS/GTAC/LCMS/v2020-5
2025-03-12 05:45:12,303 - INFO - Skipping deprecated asset: USDOS/LSIB/2013
2025-03-12 05:45:12,310 - INFO - Skipping deprecated asset: USFS/GTAC/LCMS/v2020-6
2025-03-12 05:45:12,358 - INFO - Skipping deprecated asset: USFS/GTAC/LCMS/v2022-8
2025-03-12 05:45:12,362 - INFO - Skipping deprecated asset: USFS/GTAC/LCMS/v2021-7
2025-03-12 05:45:12,432 - INFO - Skipping deprecated asset: USGS/GMTED2010
2025-03-12 05:45:12,456 - INFO - Skipping deprecated asset: USGS/NED
2025-03-12 05:45:12,479 - INFO - Skipping deprecated asset: USGS/GFSAD1000_V0
2025-03-12 05:45:12,519 - INFO - Skipping deprecated asset: USGS/NLCD_RELEASES/2016_REL
2025-03-12 05:45:12,522 - INFO - Skipping deprecated asset: USGS/NLCD
2025-03-12 05:45:12,625 - INFO - Skipping deprecated asset: VITO/PROBAV/S1_TOC_100M
2025-03-12 05:45:12,720 - INFO - Skipping deprecated asset: VITO/PROBAV/S1_TOC_333M
2025-03-12 05:45:13,088 - INFO - Skipping deprecated asset: WorldPop/POP
2025-03-12 05:45:13,248 - INFO - Skipping deprecated asset: projects/forestdatapartnership/assets/community_palm/20240312
2025-03-12 05:45:13,354 - INFO - Successfully processed 736 assets (after filtering deprecated items)
2025-03-12 05:45:13,365 - INFO - Saving 736 items to gee_catalog.json
2025-03-12 05:45:13,374 - INFO - Saving to gee_catalog.csv
2025-03-12 05:45:13,382 - INFO - All data saved successfully. Processed 736 non-deprecated assets.
2025-03-12 05:45:13,382 - INFO - Completed in 15.13 seconds
